<?xml version="1.0" encoding="UTF-8"?>
<!-- Generated by org.testng.reporters.JUnitXMLReporter -->
<testsuite ignored="3" hostname="BALAJI" failures="0" tests="1" name="Default test(failed)(failed)" time="30.368" errors="0" timestamp="2023-03-28T13:06:12 IST">
  <testcase classname="testngpractise.RestaurantTest" name="addMenu" time="13.155"/>
  <testcase classname="testngpractise.RestaurantTest" name="editMenu" time="0.0">
    <ignored/>
  </testcase> <!-- editMenu -->
  <testcase classname="testngpractise.RestaurantTest" name="addRestaurant" time="0.0">
    <ignored/>
  </testcase> <!-- addRestaurant -->
  <testcase classname="testngpractise.RestaurantTest" name="updateRestaurant" time="0.0">
    <ignored/>
  </testcase> <!-- updateRestaurant -->
</testsuite> <!-- Default test(failed)(failed) -->
