<?xml version="1.0" encoding="UTF-8"?>
<!-- Generated by org.testng.reporters.JUnitXMLReporter -->
<testsuite ignored="3" hostname="BALAJI" failures="0" tests="1" name="Test(failed)" time="70.942" errors="0" timestamp="2023-03-27T12:05:06 IST">
  <testcase classname="testngpractise.RestaurantTest" name="editMenu" time="65.093"/>
  <testcase classname="testngpractise.RestaurantTest" name="addRestaurant" time="0.0">
    <ignored/>
  </testcase> <!-- addRestaurant -->
  <testcase classname="testngpractise.RestaurantTest" name="updateRestaurant" time="0.0">
    <ignored/>
  </testcase> <!-- updateRestaurant -->
  <testcase classname="testngpractise.RestaurantTest" name="addMenu" time="0.0">
    <ignored/>
  </testcase> <!-- addMenu -->
</testsuite> <!-- Test(failed) -->
